#
# There is insufficient memory for the Java Runtime Environment to continue.
# Native memory allocation (mmap) failed to map 65536 bytes for Failed to commit metaspace.
# Possible reasons:
#   The system is out of physical RAM or swap space
#   The process is running with CompressedOops enabled, and the Java Heap may be blocking the growth of the native heap
# Possible solutions:
#   Reduce memory load on the system
#   Increase physical memory or swap space
#   Check if swap backing store is full
#   Decrease Java heap size (-Xmx/-Xms)
#   Decrease number of Java threads
#   Decrease Java thread stack sizes (-Xss)
#   Set larger code cache with -XX:ReservedCodeCacheSize=
#   JVM is running with Unscaled Compressed Oops mode in which the Java heap is
#     placed in the first 4GB address space. The Java Heap base address is the
#     maximum limit for the native heap growth. Please use -XX:HeapBaseMinAddress
#     to set the Java Heap base and to place the Java Heap above 4GB virtual address.
# This output file may be truncated or incomplete.
#
#  Out of Memory Error (virtualSpaceNode.cpp:112), pid=22364, tid=20904
#
# JRE version: OpenJDK Runtime Environment (21.0.2+13) (build 21.0.2+13-58)
# Java VM: OpenJDK 64-Bit Server VM (21.0.2+13-58, mixed mode, sharing, tiered, compressed oops, compressed class ptrs, g1 gc, windows-amd64)
# No core dump will be written. Minidumps are not enabled by default on client versions of Windows
#

---------------  S U M M A R Y ------------

Command Line: -javaagent:C:\Program Files\JetBrains\IntelliJ IDEA Community Edition 2023.3.4\lib\idea_rt.jar=53932:C:\Program Files\JetBrains\IntelliJ IDEA Community Edition 2023.3.4\bin -Dfile.encoding=UTF-8 -Dsun.stdout.encoding=UTF-8 -Dsun.stderr.encoding=UTF-8 com.example.demospringbootredismongodb.DemoSpringBootRedisComMongodbApplication

Host: 12th Gen Intel(R) Core(TM) i3-1215U, 8 cores, 3G,  Windows 11 , 64 bit Build 22621 (10.0.22621.3672)
Time: Mon Aug  5 15:30:50 2024 Hora oficial do Brasil elapsed time: 0.476538 seconds (0d 0h 0m 0s)

---------------  T H R E A D  ---------------

Current thread (0x0000026bedaa1170):  JavaThread "C1 CompilerThread0" daemon [_thread_in_vm, id=20904, stack(0x000000c72ef00000,0x000000c72f000000) (1024K)]


Current CompileTask:
C1:    476  730       3       sun.invoke.util.Wrapper::isSubwordOrInt (20 bytes)

Stack: [0x000000c72ef00000,0x000000c72f000000]
Native frames: (J=compiled Java code, j=interpreted, Vv=VM code, C=native code)
V  [jvm.dll+0x6cade9]
V  [jvm.dll+0x8569c1]
V  [jvm.dll+0x858d2e]
V  [jvm.dll+0x859413]
V  [jvm.dll+0x280e56]
V  [jvm.dll+0x8526ee]
V  [jvm.dll+0x66e705]
V  [jvm.dll+0x66e76a]
V  [jvm.dll+0x670f96]
V  [jvm.dll+0x670e62]
V  [jvm.dll+0x66f0de]
V  [jvm.dll+0x68038a]
V  [jvm.dll+0x679622]
V  [jvm.dll+0x1f44e0]
V  [jvm.dll+0x1f46c8]
V  [jvm.dll+0x166a66]
V  [jvm.dll+0x1668b6]
V  [jvm.dll+0x15e3d8]
V  [jvm.dll+0x16064d]
V  [jvm.dll+0x15eb7c]
V  [jvm.dll+0x167422]
V  [jvm.dll+0x1668b6]
V  [jvm.dll+0x15e3d8]
V  [jvm.dll+0x16064d]
V  [jvm.dll+0x15ec75]
V  [jvm.dll+0x1589ce]
V  [jvm.dll+0x168576]
V  [jvm.dll+0x153e00]
V  [jvm.dll+0x154183]
V  [jvm.dll+0x154444]
V  [jvm.dll+0x153886]
V  [jvm.dll+0x1555ed]
V  [jvm.dll+0x258859]
V  [jvm.dll+0x256e3a]
V  [jvm.dll+0x3ef6c6]
V  [jvm.dll+0x7ff568]
V  [jvm.dll+0x6c953d]
C  [ucrtbase.dll+0x29333]
C  [KERNEL32.DLL+0x1257d]
C  [ntdll.dll+0x5af28]


---------------  P R O C E S S  ---------------

Threads class SMR info:
_java_thread_list=0x0000026bf2170d40, length=12, elements={
0x0000026bd2684670, 0x0000026beda80040, 0x0000026beda82f70, 0x0000026beda86280,
0x0000026beda8b090, 0x0000026beda8a370, 0x0000026beda89ce0, 0x0000026beda9d6d0,
0x0000026bedaa1170, 0x0000026beda88fc0, 0x0000026beda8b720, 0x0000026beda89650
}

Java Threads: ( => current thread )
  0x0000026bd2684670 JavaThread "main"                              [_thread_in_vm, id=19384, stack(0x000000c72e000000,0x000000c72e100000) (1024K)]
  0x0000026beda80040 JavaThread "Reference Handler"          daemon [_thread_blocked, id=6568, stack(0x000000c72e800000,0x000000c72e900000) (1024K)]
  0x0000026beda82f70 JavaThread "Finalizer"                  daemon [_thread_blocked, id=21656, stack(0x000000c72e900000,0x000000c72ea00000) (1024K)]
  0x0000026beda86280 JavaThread "Signal Dispatcher"          daemon [_thread_blocked, id=19592, stack(0x000000c72ea00000,0x000000c72eb00000) (1024K)]
  0x0000026beda8b090 JavaThread "Attach Listener"            daemon [_thread_blocked, id=20524, stack(0x000000c72eb00000,0x000000c72ec00000) (1024K)]
  0x0000026beda8a370 JavaThread "Service Thread"             daemon [_thread_blocked, id=18532, stack(0x000000c72ec00000,0x000000c72ed00000) (1024K)]
  0x0000026beda89ce0 JavaThread "Monitor Deflation Thread"   daemon [_thread_blocked, id=17136, stack(0x000000c72ed00000,0x000000c72ee00000) (1024K)]
  0x0000026beda9d6d0 JavaThread "C2 CompilerThread0"         daemon [_thread_blocked, id=5572, stack(0x000000c72ee00000,0x000000c72ef00000) (1024K)]
=>0x0000026bedaa1170 JavaThread "C1 CompilerThread0"         daemon [_thread_in_vm, id=20904, stack(0x000000c72ef00000,0x000000c72f000000) (1024K)]
  0x0000026beda88fc0 JavaThread "Common-Cleaner"             daemon [_thread_blocked, id=19052, stack(0x000000c72f000000,0x000000c72f100000) (1024K)]
  0x0000026beda8b720 JavaThread "Monitor Ctrl-Break"         daemon [_thread_in_native, id=18860, stack(0x000000c72f100000,0x000000c72f200000) (1024K)]
  0x0000026beda89650 JavaThread "Notification Thread"        daemon [_thread_blocked, id=11064, stack(0x000000c72f200000,0x000000c72f300000) (1024K)]
Total: 12

Other Threads:
  0x0000026beda69c80 VMThread "VM Thread"                           [id=20180, stack(0x000000c72e700000,0x000000c72e800000) (1024K)]
  0x0000026beda4ea20 WatcherThread "VM Periodic Task Thread"        [id=2528, stack(0x000000c72e600000,0x000000c72e700000) (1024K)]
  0x0000026bd26ba9d0 WorkerThread "GC Thread#0"                     [id=22320, stack(0x000000c72e100000,0x000000c72e200000) (1024K)]
  0x0000026bd26c3130 ConcurrentGCThread "G1 Main Marker"            [id=22460, stack(0x000000c72e200000,0x000000c72e300000) (1024K)]
  0x0000026bd26c3de0 WorkerThread "G1 Conc#0"                       [id=15632, stack(0x000000c72e300000,0x000000c72e400000) (1024K)]
  0x0000026bd272d4a0 ConcurrentGCThread "G1 Refine#0"               [id=22164, stack(0x000000c72e400000,0x000000c72e500000) (1024K)]
  0x0000026bd272e010 ConcurrentGCThread "G1 Service"                [id=15248, stack(0x000000c72e500000,0x000000c72e600000) (1024K)]
Total: 7

Threads with active compile tasks:
C1 CompilerThread0      500  730       3       sun.invoke.util.Wrapper::isSubwordOrInt (20 bytes)
Total: 1

VM state: not at safepoint (normal execution)

VM Mutex/Monitor currently owned by a thread:  ([mutex/lock_event])
[0x00007ff809ccace8] Metaspace_lock - owner thread: 0x0000026bedaa1170

Heap address: 0x00000000c4400000, size: 956 MB, Compressed Oops mode: 32-bit

CDS archive(s) mapped at: [0x0000026b80000000-0x0000026b80c90000-0x0000026b80c90000), size 13172736, SharedBaseAddress: 0x0000026b80000000, ArchiveRelocationMode: 1.
Compressed class space mapped at: 0x0000026b81000000-0x0000026bc1000000, reserved size: 1073741824
Narrow klass base: 0x0000026b80000000, Narrow klass shift: 0, Narrow klass range: 0x100000000

GC Precious Log:
 CardTable entry size: 512
 Card Set container configuration: InlinePtr #cards 5 size 8 Array Of Cards #cards 12 size 40 Howl #buckets 4 coarsen threshold 1843 Howl Bitmap #cards 512 size 80 coarsen threshold 460 Card regions per heap region 1 cards per card region 2048
 CPUs: 8 total, 8 available
 Memory: 3820M
 Large Page Support: Disabled
 NUMA Support: Disabled
 Compressed Oops: Enabled (32-bit)
 Heap Region Size: 1M
 Heap Min Capacity: 8M
 Heap Initial Capacity: 60M
 Heap Max Capacity: 956M
 Pre-touch: Disabled
 Parallel Workers: 8
 Concurrent Workers: 2
 Concurrent Refinement Workers: 8
 Periodic GC: Disabled

Heap:
 garbage-first heap   total 61440K, used 9216K [0x00000000c4400000, 0x0000000100000000)
  region size 1024K, 11 young (11264K), 0 survivors (0K)
 Metaspace       used 2606K, committed 2688K, reserved 1114112K
  class space    used 231K, committed 256K, reserved 1048576K

Heap Regions: E=young(eden), S=young(survivor), O=old, HS=humongous(starts), HC=humongous(continues), CS=collection set, F=free, TAMS=top-at-mark-start, PB=parsable bottom
|   0|0x00000000c4400000, 0x00000000c4400000, 0x00000000c4500000|  0%| F|  |TAMS 0x00000000c4400000| PB 0x00000000c4400000| Untracked 
|   1|0x00000000c4500000, 0x00000000c4500000, 0x00000000c4600000|  0%| F|  |TAMS 0x00000000c4500000| PB 0x00000000c4500000| Untracked 
|   2|0x00000000c4600000, 0x00000000c4600000, 0x00000000c4700000|  0%| F|  |TAMS 0x00000000c4600000| PB 0x00000000c4600000| Untracked 
|   3|0x00000000c4700000, 0x00000000c4700000, 0x00000000c4800000|  0%| F|  |TAMS 0x00000000c4700000| PB 0x00000000c4700000| Untracked 
|   4|0x00000000c4800000, 0x00000000c4800000, 0x00000000c4900000|  0%| F|  |TAMS 0x00000000c4800000| PB 0x00000000c4800000| Untracked 
|   5|0x00000000c4900000, 0x00000000c4900000, 0x00000000c4a00000|  0%| F|  |TAMS 0x00000000c4900000| PB 0x00000000c4900000| Untracked 
|   6|0x00000000c4a00000, 0x00000000c4a00000, 0x00000000c4b00000|  0%| F|  |TAMS 0x00000000c4a00000| PB 0x00000000c4a00000| Untracked 
|   7|0x00000000c4b00000, 0x00000000c4b00000, 0x00000000c4c00000|  0%| F|  |TAMS 0x00000000c4b00000| PB 0x00000000c4b00000| Untracked 
|   8|0x00000000c4c00000, 0x00000000c4c00000, 0x00000000c4d00000|  0%| F|  |TAMS 0x00000000c4c00000| PB 0x00000000c4c00000| Untracked 
|   9|0x00000000c4d00000, 0x00000000c4d00000, 0x00000000c4e00000|  0%| F|  |TAMS 0x00000000c4d00000| PB 0x00000000c4d00000| Untracked 
|  10|0x00000000c4e00000, 0x00000000c4e00000, 0x00000000c4f00000|  0%| F|  |TAMS 0x00000000c4e00000| PB 0x00000000c4e00000| Untracked 
|  11|0x00000000c4f00000, 0x00000000c4f00000, 0x00000000c5000000|  0%| F|  |TAMS 0x00000000c4f00000| PB 0x00000000c4f00000| Untracked 
|  12|0x00000000c5000000, 0x00000000c5000000, 0x00000000c5100000|  0%| F|  |TAMS 0x00000000c5000000| PB 0x00000000c5000000| Untracked 
|  13|0x00000000c5100000, 0x00000000c5100000, 0x00000000c5200000|  0%| F|  |TAMS 0x00000000c5100000| PB 0x00000000c5100000| Untracked 
|  14|0x00000000c5200000, 0x00000000c5200000, 0x00000000c5300000|  0%| F|  |TAMS 0x00000000c5200000| PB 0x00000000c5200000| Untracked 
|  15|0x00000000c5300000, 0x00000000c5300000, 0x00000000c5400000|  0%| F|  |TAMS 0x00000000c5300000| PB 0x00000000c5300000| Untracked 
|  16|0x00000000c5400000, 0x00000000c5400000, 0x00000000c5500000|  0%| F|  |TAMS 0x00000000c5400000| PB 0x00000000c5400000| Untracked 
|  17|0x00000000c5500000, 0x00000000c5500000, 0x00000000c5600000|  0%| F|  |TAMS 0x00000000c5500000| PB 0x00000000c5500000| Untracked 
|  18|0x00000000c5600000, 0x00000000c5600000, 0x00000000c5700000|  0%| F|  |TAMS 0x00000000c5600000| PB 0x00000000c5600000| Untracked 
|  19|0x00000000c5700000, 0x00000000c5700000, 0x00000000c5800000|  0%| F|  |TAMS 0x00000000c5700000| PB 0x00000000c5700000| Untracked 
|  20|0x00000000c5800000, 0x00000000c5800000, 0x00000000c5900000|  0%| F|  |TAMS 0x00000000c5800000| PB 0x00000000c5800000| Untracked 
|  21|0x00000000c5900000, 0x00000000c5900000, 0x00000000c5a00000|  0%| F|  |TAMS 0x00000000c5900000| PB 0x00000000c5900000| Untracked 
|  22|0x00000000c5a00000, 0x00000000c5a00000, 0x00000000c5b00000|  0%| F|  |TAMS 0x00000000c5a00000| PB 0x00000000c5a00000| Untracked 
|  23|0x00000000c5b00000, 0x00000000c5b00000, 0x00000000c5c00000|  0%| F|  |TAMS 0x00000000c5b00000| PB 0x00000000c5b00000| Untracked 
|  24|0x00000000c5c00000, 0x00000000c5c00000, 0x00000000c5d00000|  0%| F|  |TAMS 0x00000000c5c00000| PB 0x00000000c5c00000| Untracked 
|  25|0x00000000c5d00000, 0x00000000c5d00000, 0x00000000c5e00000|  0%| F|  |TAMS 0x00000000c5d00000| PB 0x00000000c5d00000| Untracked 
|  26|0x00000000c5e00000, 0x00000000c5e00000, 0x00000000c5f00000|  0%| F|  |TAMS 0x00000000c5e00000| PB 0x00000000c5e00000| Untracked 
|  27|0x00000000c5f00000, 0x00000000c5f00000, 0x00000000c6000000|  0%| F|  |TAMS 0x00000000c5f00000| PB 0x00000000c5f00000| Untracked 
|  28|0x00000000c6000000, 0x00000000c6000000, 0x00000000c6100000|  0%| F|  |TAMS 0x00000000c6000000| PB 0x00000000c6000000| Untracked 
|  29|0x00000000c6100000, 0x00000000c6100000, 0x00000000c6200000|  0%| F|  |TAMS 0x00000000c6100000| PB 0x00000000c6100000| Untracked 
|  30|0x00000000c6200000, 0x00000000c6200000, 0x00000000c6300000|  0%| F|  |TAMS 0x00000000c6200000| PB 0x00000000c6200000| Untracked 
|  31|0x00000000c6300000, 0x00000000c6300000, 0x00000000c6400000|  0%| F|  |TAMS 0x00000000c6300000| PB 0x00000000c6300000| Untracked 
|  32|0x00000000c6400000, 0x00000000c6400000, 0x00000000c6500000|  0%| F|  |TAMS 0x00000000c6400000| PB 0x00000000c6400000| Untracked 
|  33|0x00000000c6500000, 0x00000000c6500000, 0x00000000c6600000|  0%| F|  |TAMS 0x00000000c6500000| PB 0x00000000c6500000| Untracked 
|  34|0x00000000c6600000, 0x00000000c6600000, 0x00000000c6700000|  0%| F|  |TAMS 0x00000000c6600000| PB 0x00000000c6600000| Untracked 
|  35|0x00000000c6700000, 0x00000000c6700000, 0x00000000c6800000|  0%| F|  |TAMS 0x00000000c6700000| PB 0x00000000c6700000| Untracked 
|  36|0x00000000c6800000, 0x00000000c6800000, 0x00000000c6900000|  0%| F|  |TAMS 0x00000000c6800000| PB 0x00000000c6800000| Untracked 
|  37|0x00000000c6900000, 0x00000000c6900000, 0x00000000c6a00000|  0%| F|  |TAMS 0x00000000c6900000| PB 0x00000000c6900000| Untracked 
|  38|0x00000000c6a00000, 0x00000000c6a00000, 0x00000000c6b00000|  0%| F|  |TAMS 0x00000000c6a00000| PB 0x00000000c6a00000| Untracked 
|  39|0x00000000c6b00000, 0x00000000c6b00000, 0x00000000c6c00000|  0%| F|  |TAMS 0x00000000c6b00000| PB 0x00000000c6b00000| Untracked 
|  40|0x00000000c6c00000, 0x00000000c6c00000, 0x00000000c6d00000|  0%| F|  |TAMS 0x00000000c6c00000| PB 0x00000000c6c00000| Untracked 
|  41|0x00000000c6d00000, 0x00000000c6d00000, 0x00000000c6e00000|  0%| F|  |TAMS 0x00000000c6d00000| PB 0x00000000c6d00000| Untracked 
|  42|0x00000000c6e00000, 0x00000000c6e00000, 0x00000000c6f00000|  0%| F|  |TAMS 0x00000000c6e00000| PB 0x00000000c6e00000| Untracked 
|  43|0x00000000c6f00000, 0x00000000c6f00000, 0x00000000c7000000|  0%| F|  |TAMS 0x00000000c6f00000| PB 0x00000000c6f00000| Untracked 
|  44|0x00000000c7000000, 0x00000000c7000000, 0x00000000c7100000|  0%| F|  |TAMS 0x00000000c7000000| PB 0x00000000c7000000| Untracked 
|  45|0x00000000c7100000, 0x00000000c7100000, 0x00000000c7200000|  0%| F|  |TAMS 0x00000000c7100000| PB 0x00000000c7100000| Untracked 
|  46|0x00000000c7200000, 0x00000000c7200000, 0x00000000c7300000|  0%| F|  |TAMS 0x00000000c7200000| PB 0x00000000c7200000| Untracked 
|  47|0x00000000c7300000, 0x00000000c7300000, 0x00000000c7400000|  0%| F|  |TAMS 0x00000000c7300000| PB 0x00000000c7300000| Untracked 
|  48|0x00000000c7400000, 0x00000000c7400000, 0x00000000c7500000|  0%| F|  |TAMS 0x00000000c7400000| PB 0x00000000c7400000| Untracked 
|  49|0x00000000c7500000, 0x00000000c75ed3b8, 0x00000000c7600000| 92%| E|  |TAMS 0x00000000c7500000| PB 0x00000000c7500000| Complete 
|  50|0x00000000c7600000, 0x00000000c7700000, 0x00000000c7700000|100%| E|CS|TAMS 0x00000000c7600000| PB 0x00000000c7600000| Complete 
|  51|0x00000000c7700000, 0x00000000c7800000, 0x00000000c7800000|100%| E|CS|TAMS 0x00000000c7700000| PB 0x00000000c7700000| Complete 
|  52|0x00000000c7800000, 0x00000000c7900000, 0x00000000c7900000|100%| E|CS|TAMS 0x00000000c7800000| PB 0x00000000c7800000| Complete 
|  53|0x00000000c7900000, 0x00000000c7a00000, 0x00000000c7a00000|100%| E|CS|TAMS 0x00000000c7900000| PB 0x00000000c7900000| Complete 
|  54|0x00000000c7a00000, 0x00000000c7b00000, 0x00000000c7b00000|100%| E|CS|TAMS 0x00000000c7a00000| PB 0x00000000c7a00000| Complete 
|  55|0x00000000c7b00000, 0x00000000c7c00000, 0x00000000c7c00000|100%| E|CS|TAMS 0x00000000c7b00000| PB 0x00000000c7b00000| Complete 
|  56|0x00000000c7c00000, 0x00000000c7d00000, 0x00000000c7d00000|100%| E|CS|TAMS 0x00000000c7c00000| PB 0x00000000c7c00000| Complete 
|  57|0x00000000c7d00000, 0x00000000c7e00000, 0x00000000c7e00000|100%| E|  |TAMS 0x00000000c7d00000| PB 0x00000000c7d00000| Complete 
|  58|0x00000000c7e00000, 0x00000000c7f00000, 0x00000000c7f00000|100%| E|CS|TAMS 0x00000000c7e00000| PB 0x00000000c7e00000| Complete 
|  59|0x00000000c7f00000, 0x00000000c8000000, 0x00000000c8000000|100%| E|CS|TAMS 0x00000000c7f00000| PB 0x00000000c7f00000| Complete 

Card table byte_map: [0x0000026be9fe0000,0x0000026bea1c0000] _byte_map_base: 0x0000026be99be000

Marking Bits: (CMBitMap*) 0x0000026bd26bb0d0
 Bits: [0x0000026bea1c0000, 0x0000026beb0b0000)

Polling page: 0x0000026bd0680000

Metaspace:

Usage:
  Non-class:      2.32 MB used.
      Class:    231.64 KB used.
       Both:      2.55 MB used.

Virtual space:
  Non-class space:       64.00 MB reserved,       2.38 MB (  4%) committed,  1 nodes.
      Class space:        1.00 GB reserved,     256.00 KB ( <1%) committed,  1 nodes.
             Both:        1.06 GB reserved,       2.62 MB ( <1%) committed. 

Chunk freelists:
   Non-Class:  11.27 MB
       Class:  15.62 MB
        Both:  26.89 MB

MaxMetaspaceSize: unlimited
CompressedClassSpaceSize: 1.00 GB
Initial GC threshold: 21.00 MB
Current GC threshold: 21.00 MB
CDS: on
 - commit_granule_bytes: 65536.
 - commit_granule_words: 8192.
 - virtual_space_node_default_size: 8388608.
 - enlarge_chunks_in_place: 1.
 - use_allocation_guard: 0.


Internal statistics:

num_allocs_failed_limit: 0.
num_arena_births: 88.
num_arena_deaths: 0.
num_vsnodes_births: 2.
num_vsnodes_deaths: 0.
num_space_committed: 42.
num_space_uncommitted: 0.
num_chunks_returned_to_freelist: 0.
num_chunks_taken_from_freelist: 157.
num_chunk_merges: 0.
num_chunk_splits: 87.
num_chunks_enlarged: 31.
num_inconsistent_stats: 0.

CodeHeap 'non-profiled nmethods': size=120000Kb used=268Kb max_used=268Kb free=119731Kb
 bounds [0x0000026be25a0000, 0x0000026be2810000, 0x0000026be9ad0000]
CodeHeap 'profiled nmethods': size=120000Kb used=1116Kb max_used=1116Kb free=118883Kb
 bounds [0x0000026bdaad0000, 0x0000026bdad40000, 0x0000026be2000000]
CodeHeap 'non-nmethods': size=5760Kb used=1338Kb max_used=1349Kb free=4421Kb
 bounds [0x0000026be2000000, 0x0000026be2270000, 0x0000026be25a0000]
 total_blobs=1176 nmethods=729 adapters=352
 compilation: enabled
              stopped_count=0, restarted_count=0
 full_count=0

Compilation events (20 events):
Event: 0.472 Thread 0x0000026bedaa1170 nmethod 719 0x0000026bdabe1610 code [0x0000026bdabe17e0, 0x0000026bdabe1aa0]
Event: 0.472 Thread 0x0000026bedaa1170  720       3       java.lang.invoke.VarHandleGuards::guard_LI_I (78 bytes)
Event: 0.473 Thread 0x0000026bedaa1170 nmethod 720 0x0000026bdabe1c10 code [0x0000026bdabe1f40, 0x0000026bdabe3820]
Event: 0.473 Thread 0x0000026bedaa1170  721       3       java.lang.invoke.VarHandleByteArrayAsShorts$ArrayHandle::get (36 bytes)
Event: 0.473 Thread 0x0000026bedaa1170 nmethod 721 0x0000026bdabe3f90 code [0x0000026bdabe4160, 0x0000026bdabe4540]
Event: 0.473 Thread 0x0000026bedaa1170  722       3       java.lang.invoke.VarHandleByteArrayAsShorts$ArrayHandle::index (12 bytes)
Event: 0.473 Thread 0x0000026bedaa1170 nmethod 722 0x0000026bdabe4710 code [0x0000026bdabe48c0, 0x0000026bdabe4a08]
Event: 0.473 Thread 0x0000026bedaa1170  723       3       jdk.internal.misc.Unsafe::getShortUnaligned (12 bytes)
Event: 0.473 Thread 0x0000026bedaa1170 nmethod 723 0x0000026bdabe4b10 code [0x0000026bdabe4cc0, 0x0000026bdabe4ef8]
Event: 0.473 Thread 0x0000026bedaa1170  725       3       jdk.internal.misc.Unsafe::convEndian (16 bytes)
Event: 0.473 Thread 0x0000026bedaa1170 nmethod 725 0x0000026bdabe5010 code [0x0000026bdabe51c0, 0x0000026bdabe5378]
Event: 0.473 Thread 0x0000026bedaa1170  726       3       java.lang.Short::reverseBytes (14 bytes)
Event: 0.473 Thread 0x0000026bedaa1170 nmethod 726 0x0000026bdabe5410 code [0x0000026bdabe55a0, 0x0000026bdabe56a8]
Event: 0.473 Thread 0x0000026bedaa1170  724       3       jdk.internal.misc.Unsafe::getShortUnaligned (33 bytes)
Event: 0.473 Thread 0x0000026bedaa1170 nmethod 724 0x0000026bdabe5710 code [0x0000026bdabe58e0, 0x0000026bdabe5c90]
Event: 0.473 Thread 0x0000026bedaa1170  728       3       java.io.DataInputStream::readShort (19 bytes)
Event: 0.473 Thread 0x0000026bedaa1170 nmethod 728 0x0000026bdabe5e10 code [0x0000026bdabe6020, 0x0000026bdabe6620]
Event: 0.473 Thread 0x0000026bedaa1170  729       3       jdk.internal.util.ByteArray::getShort (9 bytes)
Event: 0.474 Thread 0x0000026bedaa1170 nmethod 729 0x0000026bdabe6890 code [0x0000026bdabe6a80, 0x0000026bdabe6f98]
Event: 0.474 Thread 0x0000026bedaa1170  730       3       sun.invoke.util.Wrapper::isSubwordOrInt (20 bytes)

GC Heap History (0 events):
No events

Dll operation events (10 events):
Event: 0.010 Loaded shared library C:\Users\johnc\.jdks\openjdk-21.0.2\bin\java.dll
Event: 0.041 Loaded shared library C:\Users\johnc\.jdks\openjdk-21.0.2\bin\jsvml.dll
Event: 0.102 Loaded shared library C:\Users\johnc\.jdks\openjdk-21.0.2\bin\zip.dll
Event: 0.107 Loaded shared library C:\Users\johnc\.jdks\openjdk-21.0.2\bin\instrument.dll
Event: 0.115 Loaded shared library C:\Users\johnc\.jdks\openjdk-21.0.2\bin\net.dll
Event: 0.117 Loaded shared library C:\Users\johnc\.jdks\openjdk-21.0.2\bin\nio.dll
Event: 0.120 Loaded shared library C:\Users\johnc\.jdks\openjdk-21.0.2\bin\zip.dll
Event: 0.279 Loaded shared library C:\Program Files\JetBrains\IntelliJ IDEA Community Edition 2023.3.4\bin\breakgen64.dll
Event: 0.292 Loaded shared library C:\Users\johnc\.jdks\openjdk-21.0.2\bin\extnet.dll
Event: 0.334 Loaded shared library C:\Users\johnc\.jdks\openjdk-21.0.2\bin\jimage.dll

Deoptimization events (20 events):
Event: 0.281 Thread 0x0000026bd2684670 Uncommon trap: trap_request=0xffffff45 fr.pc=0x0000026be25b698c relative=0x000000000000006c
Event: 0.281 Thread 0x0000026bd2684670 Uncommon trap: reason=unstable_if action=reinterpret pc=0x0000026be25b698c method=java.lang.String.isLatin1()Z @ 10 c2
Event: 0.281 Thread 0x0000026bd2684670 DEOPT PACKING pc=0x0000026be25b698c sp=0x000000c72e0fe370
Event: 0.281 Thread 0x0000026bd2684670 DEOPT UNPACKING pc=0x0000026be20546a2 sp=0x000000c72e0fe300 mode 2
Event: 0.281 Thread 0x0000026bd2684670 Uncommon trap: trap_request=0xffffff45 fr.pc=0x0000026be25a16e0 relative=0x00000000000000c0
Event: 0.281 Thread 0x0000026bd2684670 Uncommon trap: reason=unstable_if action=reinterpret pc=0x0000026be25a16e0 method=java.lang.String.isLatin1()Z @ 10 c2
Event: 0.281 Thread 0x0000026bd2684670 DEOPT PACKING pc=0x0000026be25a16e0 sp=0x000000c72e0fee90
Event: 0.281 Thread 0x0000026bd2684670 DEOPT UNPACKING pc=0x0000026be20546a2 sp=0x000000c72e0fedd0 mode 2
Event: 0.338 Thread 0x0000026bd2684670 Uncommon trap: trap_request=0xffffff45 fr.pc=0x0000026be25b8d10 relative=0x0000000000000070
Event: 0.338 Thread 0x0000026bd2684670 Uncommon trap: reason=unstable_if action=reinterpret pc=0x0000026be25b8d10 method=java.io.WinNTFileSystem.isSlash(C)Z @ 9 c2
Event: 0.338 Thread 0x0000026bd2684670 DEOPT PACKING pc=0x0000026be25b8d10 sp=0x000000c72e0fdb90
Event: 0.338 Thread 0x0000026bd2684670 DEOPT UNPACKING pc=0x0000026be20546a2 sp=0x000000c72e0fdb18 mode 2
Event: 0.395 Thread 0x0000026bd2684670 Uncommon trap: trap_request=0xffffff6e fr.pc=0x0000026be25ca07c relative=0x000000000000015c
Event: 0.395 Thread 0x0000026bd2684670 Uncommon trap: reason=loop_limit_check action=maybe_recompile pc=0x0000026be25ca07c method=java.lang.StringLatin1.lastIndexOf([BII)I @ 19 c2
Event: 0.395 Thread 0x0000026bd2684670 DEOPT PACKING pc=0x0000026be25ca07c sp=0x000000c72e0fcb10
Event: 0.395 Thread 0x0000026bd2684670 DEOPT UNPACKING pc=0x0000026be20546a2 sp=0x000000c72e0fca90 mode 2
Event: 0.453 Thread 0x0000026bd2684670 Uncommon trap: trap_request=0xffffff6e fr.pc=0x0000026be25d1cdc relative=0x000000000000041c
Event: 0.453 Thread 0x0000026bd2684670 Uncommon trap: reason=loop_limit_check action=maybe_recompile pc=0x0000026be25d1cdc method=java.lang.StringLatin1.indexOf([BI[BII)I @ 37 c2
Event: 0.453 Thread 0x0000026bd2684670 DEOPT PACKING pc=0x0000026be25d1cdc sp=0x000000c72e0fdc40
Event: 0.453 Thread 0x0000026bd2684670 DEOPT UNPACKING pc=0x0000026be20546a2 sp=0x000000c72e0fdba0 mode 2

Classes loaded (20 events):
Event: 0.408 Loading class sun/security/provider/PolicyFile$6
Event: 0.408 Loading class sun/security/provider/PolicyFile$6 done
Event: 0.409 Loading class sun/security/provider/PolicyFile$8
Event: 0.409 Loading class sun/security/provider/PolicyFile$8 done
Event: 0.409 Loading class sun/security/provider/PolicyFile$SelfPermission
Event: 0.409 Loading class sun/security/provider/PolicyFile$SelfPermission done
Event: 0.409 Loading class java/net/SocketPermissionCollection
Event: 0.410 Loading class java/net/SocketPermissionCollection done
Event: 0.410 Loading class java/util/PropertyPermissionCollection
Event: 0.410 Loading class java/util/PropertyPermissionCollection done
Event: 0.411 Loading class java/io/FilePermissionCollection
Event: 0.411 Loading class java/io/FilePermissionCollection done
Event: 0.412 Loading class java/security/PermissionsEnumerator
Event: 0.412 Loading class java/security/PermissionsEnumerator done
Event: 0.412 Loading class java/security/AccessControlException
Event: 0.413 Loading class java/security/AccessControlException done
Event: 0.445 Loading class java/net/MalformedURLException
Event: 0.445 Loading class java/net/MalformedURLException done
Event: 0.461 Loading class java/util/concurrent/atomic/AtomicBoolean
Event: 0.462 Loading class java/util/concurrent/atomic/AtomicBoolean done

Classes unloaded (0 events):
No events

Classes redefined (0 events):
No events

Internal exceptions (7 events):
Event: 0.265 Thread 0x0000026bd2684670 Exception <a 'java/lang/NoSuchMethodError'{0x00000000c7945e70}: 'void java.lang.invoke.DirectMethodHandle$Holder.invokeStatic(java.lang.Object, java.lang.Object, java.lang.Object)'> (0x00000000c7945e70) 
thrown [s\open\src\hotspot\share\interpreter\linkResolver.cpp, line 773]
Event: 0.270 Thread 0x0000026bd2684670 Exception <a 'java/lang/NoSuchMethodError'{0x00000000c795d378}: 'java.lang.Object java.lang.invoke.Invokers$Holder.invokeExact_MT(java.lang.Object, java.lang.Object, java.lang.Object, java.lang.Object, java.lang.Object)'> (0x00000000c795d378) 
thrown [s\open\src\hotspot\share\interpreter\linkResolver.cpp, line 773]
Event: 0.294 Thread 0x0000026beda8b720 Exception <a 'java/lang/NoSuchMethodError'{0x00000000c7980490}: 'void java.lang.invoke.DirectMethodHandle$Holder.invokeStatic(java.lang.Object, java.lang.Object)'> (0x00000000c7980490) 
thrown [s\open\src\hotspot\share\interpreter\linkResolver.cpp, line 773]
Event: 0.399 Thread 0x0000026bd2684670 Exception <a 'java/lang/ClassNotFoundException'{0x00000000c766b7a0}: javax/smartcardio/CardPermission> (0x00000000c766b7a0) 
thrown [s\open\src\hotspot\share\classfile\systemDictionary.cpp, line 312]
Event: 0.407 Thread 0x0000026bd2684670 Exception <a 'java/io/FileNotFoundException'{0x00000000c7679eb0}> (0x00000000c7679eb0) 
thrown [s\open\src\hotspot\share\prims\jni.cpp, line 520]
Event: 0.443 Thread 0x0000026bd2684670 Exception <a 'java/lang/NoSuchMethodError'{0x00000000c750b7d8}: 'java.lang.Object java.lang.invoke.DirectMethodHandle$Holder.invokeSpecial(java.lang.Object, java.lang.Object, java.lang.Object, long, java.lang.Object)'> (0x00000000c750b7d8) 
thrown [s\open\src\hotspot\share\interpreter\linkResolver.cpp, line 773]
Event: 0.443 Thread 0x0000026bd2684670 Exception <a 'java/lang/NoSuchMethodError'{0x00000000c750f128}: 'java.lang.Object java.lang.invoke.Invokers$Holder.linkToTargetMethod(java.lang.Object, long, java.lang.Object, java.lang.Object)'> (0x00000000c750f128) 
thrown [s\open\src\hotspot\share\interpreter\linkResolver.cpp, line 773]

ZGC Phase Switch (0 events):
No events

VM Operations (2 events):
Event: 0.338 Executing VM operation: HandshakeAllThreads (Deoptimize)
Event: 0.338 Executing VM operation: HandshakeAllThreads (Deoptimize) done

Events (12 events):
Event: 0.029 Thread 0x0000026bd2684670 Thread added: 0x0000026bd2684670
Event: 0.039 Thread 0x0000026beda80040 Thread added: 0x0000026beda80040
Event: 0.039 Thread 0x0000026beda82f70 Thread added: 0x0000026beda82f70
Event: 0.039 Thread 0x0000026beda86280 Thread added: 0x0000026beda86280
Event: 0.039 Thread 0x0000026beda8b090 Thread added: 0x0000026beda8b090
Event: 0.039 Thread 0x0000026beda8a370 Thread added: 0x0000026beda8a370
Event: 0.039 Thread 0x0000026beda89ce0 Thread added: 0x0000026beda89ce0
Event: 0.040 Thread 0x0000026beda9d6d0 Thread added: 0x0000026beda9d6d0
Event: 0.040 Thread 0x0000026bedaa1170 Thread added: 0x0000026bedaa1170
Event: 0.084 Thread 0x0000026beda88fc0 Thread added: 0x0000026beda88fc0
Event: 0.280 Thread 0x0000026beda8b720 Thread added: 0x0000026beda8b720
Event: 0.280 Thread 0x0000026beda89650 Thread added: 0x0000026beda89650


Dynamic libraries:
0x00007ff784d40000 - 0x00007ff784d4e000 	C:\Users\johnc\.jdks\openjdk-21.0.2\bin\java.exe
0x00007ff89eb50000 - 0x00007ff89ed67000 	C:\Windows\SYSTEM32\ntdll.dll
0x00007ff89d320000 - 0x00007ff89d3e4000 	C:\Windows\System32\KERNEL32.DLL
0x00007ff89c4e0000 - 0x00007ff89c88d000 	C:\Windows\System32\KERNELBASE.dll
0x00007ff89c300000 - 0x00007ff89c411000 	C:\Windows\System32\ucrtbase.dll
0x00007ff8940a0000 - 0x00007ff8940b8000 	C:\Users\johnc\.jdks\openjdk-21.0.2\bin\jli.dll
0x00007ff8919b0000 - 0x00007ff8919cb000 	C:\Users\johnc\.jdks\openjdk-21.0.2\bin\VCRUNTIME140.dll
0x00007ff89cbe0000 - 0x00007ff89cd8e000 	C:\Windows\System32\USER32.dll
0x00007ff89be80000 - 0x00007ff89bea6000 	C:\Windows\System32\win32u.dll
0x00007ff89eae0000 - 0x00007ff89eb09000 	C:\Windows\System32\GDI32.dll
0x00007ff89c1e0000 - 0x00007ff89c2f9000 	C:\Windows\System32\gdi32full.dll
0x00007ff873400000 - 0x00007ff873693000 	C:\Windows\WinSxS\amd64_microsoft.windows.common-controls_6595b64144ccf1df_6.0.22621.3672_none_2713b9d173822955\COMCTL32.dll
0x00007ff89bf50000 - 0x00007ff89bfea000 	C:\Windows\System32\msvcp_win.dll
0x00007ff89cea0000 - 0x00007ff89cf47000 	C:\Windows\System32\msvcrt.dll
0x00007ff89ce60000 - 0x00007ff89ce91000 	C:\Windows\System32\IMM32.DLL
0x00007ff8940d0000 - 0x00007ff8940dc000 	C:\Users\johnc\.jdks\openjdk-21.0.2\bin\vcruntime140_1.dll
0x00007ff870ea0000 - 0x00007ff870f2e000 	C:\Users\johnc\.jdks\openjdk-21.0.2\bin\msvcp140.dll
0x00007ff809090000 - 0x00007ff809da7000 	C:\Users\johnc\.jdks\openjdk-21.0.2\bin\server\jvm.dll
0x00007ff89cb20000 - 0x00007ff89cbd2000 	C:\Windows\System32\ADVAPI32.dll
0x00007ff89cdb0000 - 0x00007ff89ce59000 	C:\Windows\System32\sechost.dll
0x00007ff89bf20000 - 0x00007ff89bf48000 	C:\Windows\System32\bcrypt.dll
0x00007ff89e110000 - 0x00007ff89e224000 	C:\Windows\System32\RPCRT4.dll
0x00007ff89c9f0000 - 0x00007ff89ca61000 	C:\Windows\System32\WS2_32.dll
0x00007ff89bd40000 - 0x00007ff89bd8d000 	C:\Windows\SYSTEM32\POWRPROF.dll
0x00007ff893c90000 - 0x00007ff893cc4000 	C:\Windows\SYSTEM32\WINMM.dll
0x00007ff887a40000 - 0x00007ff887a4a000 	C:\Windows\SYSTEM32\VERSION.dll
0x00007ff89bd20000 - 0x00007ff89bd33000 	C:\Windows\SYSTEM32\UMPDC.dll
0x00007ff89ae70000 - 0x00007ff89ae88000 	C:\Windows\SYSTEM32\kernel.appcore.dll
0x00007ff88a9c0000 - 0x00007ff88a9ca000 	C:\Users\johnc\.jdks\openjdk-21.0.2\bin\jimage.dll
0x00007ff898f40000 - 0x00007ff899172000 	C:\Windows\SYSTEM32\DBGHELP.DLL
0x00007ff89e230000 - 0x00007ff89e5b8000 	C:\Windows\System32\combase.dll
0x00007ff89ded0000 - 0x00007ff89dfa7000 	C:\Windows\System32\OLEAUT32.dll
0x00007ff87bd40000 - 0x00007ff87bd72000 	C:\Windows\SYSTEM32\dbgcore.DLL
0x00007ff89bff0000 - 0x00007ff89c06b000 	C:\Windows\System32\bcryptPrimitives.dll
0x00007ff888400000 - 0x00007ff88840f000 	C:\Users\johnc\.jdks\openjdk-21.0.2\bin\instrument.dll
0x00007ff8883c0000 - 0x00007ff8883df000 	C:\Users\johnc\.jdks\openjdk-21.0.2\bin\java.dll
0x00007ff89d500000 - 0x00007ff89dd5f000 	C:\Windows\System32\SHELL32.dll
0x00007ff899d80000 - 0x00007ff89a67c000 	C:\Windows\SYSTEM32\windows.storage.dll
0x00007ff899c40000 - 0x00007ff899d7f000 	C:\Windows\SYSTEM32\wintypes.dll
0x00007ff89c890000 - 0x00007ff89c984000 	C:\Windows\System32\SHCORE.dll
0x00007ff89c990000 - 0x00007ff89c9ee000 	C:\Windows\System32\shlwapi.dll
0x00007ff89bdb0000 - 0x00007ff89bdd1000 	C:\Windows\SYSTEM32\profapi.dll
0x00007ff870dc0000 - 0x00007ff870e97000 	C:\Users\johnc\.jdks\openjdk-21.0.2\bin\jsvml.dll
0x00007ff87b440000 - 0x00007ff87b458000 	C:\Users\johnc\.jdks\openjdk-21.0.2\bin\zip.dll
0x00007ff88a9b0000 - 0x00007ff88a9c0000 	C:\Users\johnc\.jdks\openjdk-21.0.2\bin\net.dll
0x00007ff8975d0000 - 0x00007ff897706000 	C:\Windows\SYSTEM32\WINHTTP.dll
0x00007ff89b2d0000 - 0x00007ff89b339000 	C:\Windows\system32\mswsock.dll
0x00007ff87d430000 - 0x00007ff87d446000 	C:\Users\johnc\.jdks\openjdk-21.0.2\bin\nio.dll
0x00007ff870bf0000 - 0x00007ff870c0a000 	C:\Program Files\JetBrains\IntelliJ IDEA Community Edition 2023.3.4\bin\breakgen64.dll
0x00007ff87d420000 - 0x00007ff87d429000 	C:\Users\johnc\.jdks\openjdk-21.0.2\bin\extnet.dll

dbghelp: loaded successfully - version: 4.0.5 - missing functions: none
symbol engine: initialized successfully - sym options: 0x614 - pdb path: .;C:\Users\johnc\.jdks\openjdk-21.0.2\bin;C:\Windows\SYSTEM32;C:\Windows\WinSxS\amd64_microsoft.windows.common-controls_6595b64144ccf1df_6.0.22621.3672_none_2713b9d173822955;C:\Users\johnc\.jdks\openjdk-21.0.2\bin\server;C:\Program Files\JetBrains\IntelliJ IDEA Community Edition 2023.3.4\bin

VM Arguments:
jvm_args: -javaagent:C:\Program Files\JetBrains\IntelliJ IDEA Community Edition 2023.3.4\lib\idea_rt.jar=53932:C:\Program Files\JetBrains\IntelliJ IDEA Community Edition 2023.3.4\bin -Dfile.encoding=UTF-8 -Dsun.stdout.encoding=UTF-8 -Dsun.stderr.encoding=UTF-8 
java_command: com.example.demospringbootredismongodb.DemoSpringBootRedisComMongodbApplication
java_class_path (initial): C:\Projetos REDIS\demospringbootredismongodb\target\classes;C:\Users\johnc\.m2\repository\org\springframework\boot\spring-boot-starter-data-redis\3.4.0-SNAPSHOT\spring-boot-starter-data-redis-3.4.0-20240805.145324-172.jar;C:\Users\johnc\.m2\repository\io\lettuce\lettuce-core\6.3.2.RELEASE\lettuce-core-6.3.2.RELEASE.jar;C:\Users\johnc\.m2\repository\io\netty\netty-common\4.1.111.Final\netty-common-4.1.111.Final.jar;C:\Users\johnc\.m2\repository\io\netty\netty-handler\4.1.111.Final\netty-handler-4.1.111.Final.jar;C:\Users\johnc\.m2\repository\io\netty\netty-resolver\4.1.111.Final\netty-resolver-4.1.111.Final.jar;C:\Users\johnc\.m2\repository\io\netty\netty-buffer\4.1.111.Final\netty-buffer-4.1.111.Final.jar;C:\Users\johnc\.m2\repository\io\netty\netty-transport-native-unix-common\4.1.111.Final\netty-transport-native-unix-common-4.1.111.Final.jar;C:\Users\johnc\.m2\repository\io\netty\netty-codec\4.1.111.Final\netty-codec-4.1.111.Final.jar;C:\Users\johnc\.m2\repository\io\netty\netty-transport\4.1.111.Final\netty-transport-4.1.111.Final.jar;C:\Users\johnc\.m2\repository\io\projectreactor\reactor-core\3.7.0-M4\reactor-core-3.7.0-M4.jar;C:\Users\johnc\.m2\repository\org\reactivestreams\reactive-streams\1.0.4\reactive-streams-1.0.4.jar;C:\Users\johnc\.m2\repository\org\springframework\boot\spring-boot-starter-data-mongodb\3.4.0-SNAPSHOT\spring-boot-starter-data-mongodb-3.4.0-20240805.145324-172.jar;C:\Users\johnc\.m2\repository\org\mongodb\mongodb-driver-sync\5.0.1\mongodb-driver-sync-5.0.1.jar;C:\Users\johnc\.m2\repository\org\mongodb\bson\5.0.1\bson-5.0.1.jar;C:\Users\johnc\.m2\repository\org\mongodb\mongodb-driver-core\5.0.1\mongodb-driver-core-5.0.1.jar;C:\Users\johnc\.m2\repository\org\mongodb\bson-record-codec\5.0.1\bson-record-codec-5.0.1.jar;C:\Users\johnc\.m2\repository\org\springframework\data\spring-data-mongodb\4.3.2\spring-data-mongodb-4.3.2.jar;C:\Users\johnc\.m2\repository\org\springframework\spring-context\6.2.0-M6\spring-context-6.2.0-M6.jar;C:\Users\johnc\.m2\repository\org\springframework\spring-beans\6.2.0-M6\spring-beans-6.2.0-M6.jar;C:\Users\johnc\.m2\repository\org\springframework\spring-expression\6.2.0-M6\spring-expression-6.2.0-M6.jar;C:\Users\johnc\.m2\repository\org\springframework\data\spring-data-commons\3.3.2\spring-data-commons-3.3.2.jar;C:\Users\johnc\.m2\repository\org\springframework\boot\spring-boot-starter-web\3.4.0-SNAPSHOT\spring-boot-starter-web-3.4.0-20240805.145324-172.jar;C:\Users\johnc\.m2\repository\org\springframework\boot\spring-boot-starter-json\3.4.0-SNAPSHOT\spring-boot-starter-json-3.4.0-20240805.145324-172.jar;C:\Users\johnc\.m2\repository\com\fasterxml\jackson\core\jackson-databind\2.17.2\jackson-databind-2.17.2.jar;C:\Users\johnc\.m2\repository\com\fasterxml\jackson\core\jackson-annotations\2.17.2\jackson-annotations-2.17.2.jar;C:\Users\johnc\.m2\repository\com\fasterxml\jackson\core\jackson-core\2.17.2\jackson-core-2.17.2.jar;C:\Users\johnc\.m2\repository\com\fasterxml\jackson\datatype\jackson-datatype-jdk8\2.17.2\jackson-datatype-jdk8-2.17.2.jar;C:\Users\johnc\.m2\repository\com\fasterxml\jackson\datatype\jackson-datatype-jsr310\2.17.2\jackson-datatype-jsr310-2.17.2.jar;C:\Users\johnc\.m2\repository\com\fasterxml\jackson\module\jackson-module-parameter-names\2.17.2\jackson-module-parameter-names-2.17.2.jar;C:\Users\johnc\.m2\repository\org\springframework\boot\spring-boot-starter-tomcat\3.4.0-SNAPSHOT\spring-boot-starter-tomcat-3.4.0-20240805.145324-172.jar;C:\Users\johnc\.m2\repository\org\apache\tomcat\embed\tomcat-embed-core\10.1.26\tomcat-embed-core-10.1.26.jar;C:\Users\johnc\.m2\repository\org\apache\tomcat\embed\tomcat-embed-el\10.1.26\tomcat-embed-el-10.1.26.jar;C:\Users\johnc\.m2\repository\org\apache\tomcat\embed\tomcat-embed-websocket\10.1.26\tomcat-embed-websocket-10.1.26.jar;C:\Users\johnc\.m2\repository\org\springframework\spring-web\6.2.0-M6\spring-web-6.2.0-M6.jar;C:\Users\johnc\.m2\repository\org\springframework\spring-webmvc\6.2.0-M6\spring-webmvc-6.2.0-M6.jar;C:\Users\johnc\.m2\repository\org\springframework\boot\spring-boot-starter-cache\3.4.0-SNAPSHOT\spring-boot-starter-cache-3.4.0-20240805.145324-172.jar;C:\Users\johnc\.m2\repository\org\springframework\spring-context-support\6.2.0-M6\spring-context-support-6.2.0-M6.jar;C:\Users\johnc\.m2\repository\org\springframework\data\spring-data-redis\3.3.2\spring-data-redis-3.3.2.jar;C:\Users\johnc\.m2\repository\org\springframework\data\spring-data-keyvalue\3.3.2\spring-data-keyvalue-3.3.2.jar;C:\Users\johnc\.m2\repository\org\springframework\spring-tx\6.2.0-M6\spring-tx-6.2.0-M6.jar;C:\Users\johnc\.m2\repository\org\springframework\spring-oxm\6.2.0-M6\spring-oxm-6.2.0-M6.jar;C:\Users\johnc\.m2\repository\org\springframework\spring-aop\6.2.0-M6\spring-aop-6.2.0-M6.jar;C:\Users\johnc\.m2\repository\org\slf4j\slf4j-api\2.0.13\slf4j-api-2.0.13.jar;C:\Users\johnc\.m2\repository\org\springframework\boot\spring-boot-starter-actuator\3.4.0-SNAPSHOT\spring-boot-starter-actuator-3.4.0-20240805.145324-172.jar;C:\Users\johnc\.m2\repository\org\springframework\boot\spring-boot-actuator-autoconfigure\3.4.0-SNAPSHOT\spring-boot-actuator-autoconfigure-3.4.0-20240805.145324-172.jar;C:\Users\johnc\.m2\repository\org\springframework\boot\spring-boot-actuator\3.4.0-SNAPSHOT\spring-boot-actuator-3.4.0-20240805.145324-172.jar;C:\Users\johnc\.m2\repository\io\micrometer\micrometer-observation\1.14.0-M1\micrometer-observation-1.14.0-M1.jar;C:\Users\johnc\.m2\repository\io\micrometer\micrometer-commons\1.14.0-M1\micrometer-commons-1.14.0-M1.jar;C:\Users\johnc\.m2\repository\io\micrometer\micrometer-jakarta9\1.14.0-M1\micrometer-jakarta9-1.14.0-M1.jar;C:\Users\johnc\.m2\repository\io\micrometer\micrometer-core\1.14.0-M1\micrometer-core-1.14.0-M1.jar;C:\Users\johnc\.m2\repository\org\hdrhistogram\HdrHistogram\2.2.2\HdrHistogram-2.2.2.jar;C:\Users\johnc\.m2\repository\org\latencyutils\LatencyUtils\2.0.3\LatencyUtils-2.0.3.jar;C:\Users\johnc\.m2\repository\org\springframework\boot\spring-boot-starter\3.4.0-SNAPSHOT\spring-boot-starter-3.4.0-20240805.145324-172.jar;C:\Users\johnc\.m2\repository\org\springframework\boot\spring-boot\3.4.0-SNAPSHOT\spring-boot-3.4.0-20240805.145324-172.jar;C:\Users\johnc\.m2\repository\org\springframework\boot\spring-boot-autoconfigure\3.4.0-SNAPSHOT\spring-boot-autoconfigure-3.4.0-20240805.145324-172.jar;C:\Users\johnc\.m2\repository\org\springframework\boot\spring-boot-starter-logging\3.4.0-SNAPSHOT\spring-boot-starter-logging-3.4.0-20240805.145324-172.jar;C:\Users\johnc\.m2\repository\ch\qos\logback\logback-classic\1.5.6\logback-classic-1.5.6.jar;C:\Users\johnc\.m2\repository\ch\qos\logback\logback-core\1.5.6\logback-core-1.5.6.jar;C:\Users\johnc\.m2\repository\org\apache\logging\log4j\log4j-to-slf4j\2.23.1\log4j-to-slf4j-2.23.1.jar;C:\Users\johnc\.m2\repository\org\apache\logging\log4j\log4j-api\2.23.1\log4j-api-2.23.1.jar;C:\Users\johnc\.m2\repository\org\slf4j\jul-to-slf4j\2.0.13\jul-to-slf4j-2.0.13.jar;C:\Users\johnc\.m2\repository\jakarta\annotation\jakarta.annotation-api\2.1.1\jakarta.annotation-api-2.1.1.jar;C:\Users\johnc\.m2\repository\org\springframework\spring-core\6.2.0-M6\spring-core-6.2.0-M6.jar;C:\Users\johnc\.m2\repository\org\springframework\spring-jcl\6.2.0-M6\spring-jcl-6.2.0-M6.jar;C:\Users\johnc\.m2\repository\org\yaml\snakeyaml\2.2\snakeyaml-2.2.jar
Launcher Type: SUN_STANDARD

[Global flags]
     intx CICompilerCount                          = 4                                         {product} {ergonomic}
     uint ConcGCThreads                            = 2                                         {product} {ergonomic}
     uint G1ConcRefinementThreads                  = 8                                         {product} {ergonomic}
   size_t G1HeapRegionSize                         = 1048576                                   {product} {ergonomic}
    uintx GCDrainStackTargetSize                   = 64                                        {product} {ergonomic}
   size_t InitialHeapSize                          = 62914560                                  {product} {ergonomic}
   size_t MarkStackSize                            = 4194304                                   {product} {ergonomic}
   size_t MaxHeapSize                              = 1002438656                                {product} {ergonomic}
   size_t MaxNewSize                               = 600834048                                 {product} {ergonomic}
   size_t MinHeapDeltaBytes                        = 1048576                                   {product} {ergonomic}
   size_t MinHeapSize                              = 8388608                                   {product} {ergonomic}
    uintx NonNMethodCodeHeapSize                   = 5839372                                {pd product} {ergonomic}
    uintx NonProfiledCodeHeapSize                  = 122909434                              {pd product} {ergonomic}
    uintx ProfiledCodeHeapSize                     = 122909434                              {pd product} {ergonomic}
    uintx ReservedCodeCacheSize                    = 251658240                              {pd product} {ergonomic}
     bool SegmentedCodeCache                       = true                                      {product} {ergonomic}
   size_t SoftMaxHeapSize                          = 1002438656                             {manageable} {ergonomic}
     bool UseCompressedOops                        = true                           {product lp64_product} {ergonomic}
     bool UseG1GC                                  = true                                      {product} {ergonomic}
     bool UseLargePagesIndividualAllocation        = false                                  {pd product} {ergonomic}

Logging:
Log output configuration:
 #0: stdout all=warning uptime,level,tags foldmultilines=false
 #1: stderr all=off uptime,level,tags foldmultilines=false

Environment Variables:
JAVA_HOME=JAVA_HOME/bin
PATH=C:\Program Files\Microsoft\jdk-21.0.3.9-hotspot\bin;C:\Program Files\Microsoft\jdk-17.0.11.9-hotspot\bin;C:\Program Files\Microsoft\jdk-11.0.23.9-hotspot\bin;C:\Program Files\Eclipse Adoptium\jdk-21.0.2.13-hotspot\bin;C:\Windows\system32;C:\Windows;C:\Windows\System32\Wbem;C:\Windows\System32\WindowsPowerShell\v1.0\;C:\Windows\System32\OpenSSH\;C:\Program Files\Git\cmd;C:\Program Files\Wondershare\Wondershare DemoCreator;C:\Program Files\Microsoft SQL Server\150\Tools\Binn\;C:\Program Files\Microsoft SQL Server\Client SDK\ODBC\170\Tools\Binn\;C:\Program Files\nodejs\;C:\Program Files\dotnet\;C:\Kubernetes Configurtion;C:\Program Files\Kubernetes\Minikube;C:\Program Files\PowerShell\7\;C:\Program Files\Docker\Docker\resources\bin;C:\Users\johnc\AppData\Local\Microsoft\WindowsApps;C:\Program Files\JetBrains\IntelliJ IDEA Community Edition 2023.3.4\bin;;C:\apache-maven-3.9.6\bin;C:\Users\johnc\AppData\Roaming\npm;C:\Users\johnc\.dotnet\tools;C:\Users\johnc\AppData\Local\Docker Labs Debug Tools\bin
USERNAME=johnc
OS=Windows_NT
PROCESSOR_IDENTIFIER=Intel64 Family 6 Model 154 Stepping 4, GenuineIntel
TMP=C:\Users\johnc\AppData\Local\Temp
TEMP=C:\Users\johnc\AppData\Local\Temp




Periodic native trim disabled

---------------  S Y S T E M  ---------------

OS:
 Windows 11 , 64 bit Build 22621 (10.0.22621.3672)
OS uptime: 0 days 18:48 hours
Hyper-V role detected

CPU: total 8 (initial active 8) (4 cores per cpu, 2 threads per core) family 6 model 154 stepping 4 microcode 0x424, cx8, cmov, fxsr, ht, mmx, 3dnowpref, sse, sse2, sse3, ssse3, sse4.1, sse4.2, popcnt, lzcnt, tsc, tscinvbit, avx, avx2, aes, erms, clmul, bmi1, bmi2, adx, sha, fma, vzeroupper, clflush, clflushopt, clwb, hv, serialize, rdtscp, rdpid, fsrm, f16c, cet_ibt, cet_ss
Processor Information for processor 0
  Max Mhz: 1200, Current Mhz: 1200, Mhz Limit: 1200
Processor Information for processor 1
  Max Mhz: 1200, Current Mhz: 1200, Mhz Limit: 1200
Processor Information for processor 2
  Max Mhz: 1200, Current Mhz: 1200, Mhz Limit: 1200
Processor Information for processor 3
  Max Mhz: 1200, Current Mhz: 1200, Mhz Limit: 1200
Processor Information for processor 4
  Max Mhz: 900, Current Mhz: 900, Mhz Limit: 900
Processor Information for processor 5
  Max Mhz: 900, Current Mhz: 900, Mhz Limit: 900
Processor Information for processor 6
  Max Mhz: 900, Current Mhz: 900, Mhz Limit: 900
Processor Information for processor 7
  Max Mhz: 900, Current Mhz: 900, Mhz Limit: 900

Memory: 4k page, system-wide physical 3820M (218M free)
TotalPageFile size 15596M (AvailPageFile size 0M)
current process WorkingSet (physical memory assigned to process): 55M, peak: 55M
current process commit charge ("private bytes"): 148M, peak: 148M

vm_info: OpenJDK 64-Bit Server VM (21.0.2+13-58) for windows-amd64 JRE (21.0.2+13-58), built on 2024-01-05T18:32:24Z by "mach5one" with MS VC++ 17.1 (VS2022)

END.
